Determining if the pthread_create exist failed with the following output:
Change Dir: /home/hariharan/Desktop/Projects/Nascent Coding Challenges/CountDiceDots/build/CMakeFiles/CMakeTmp

Run Build Command:"/usr/bin/make" "cmTC_36030/fast"
/usr/bin/make -f CMakeFiles/cmTC_36030.dir/build.make CMakeFiles/cmTC_36030.dir/build
make[1]: Entering directory '/home/hariharan/Desktop/Projects/Nascent Coding Challenges/CountDiceDots/build/CMakeFiles/CMakeTmp'
Building C object CMakeFiles/cmTC_36030.dir/CheckSymbolExists.c.o
/usr/bin/cc    -fPIC    -o CMakeFiles/cmTC_36030.dir/CheckSymbolExists.c.o   -c "/home/hariharan/Desktop/Projects/Nascent Coding Challenges/CountDiceDots/build/CMakeFiles/CMakeTmp/CheckSymbolExists.c"
Linking C executable cmTC_36030
/usr/bin/cmake -E cmake_link_script CMakeFiles/cmTC_36030.dir/link.txt --verbose=1
/usr/bin/cc  -fPIC     CMakeFiles/cmTC_36030.dir/CheckSymbolExists.c.o  -o cmTC_36030 -rdynamic 
CMakeFiles/cmTC_36030.dir/CheckSymbolExists.c.o: In function `main':
CheckSymbolExists.c:(.text+0x1b): undefined reference to `pthread_create'
collect2: error: ld returned 1 exit status
CMakeFiles/cmTC_36030.dir/build.make:97: recipe for target 'cmTC_36030' failed
make[1]: *** [cmTC_36030] Error 1
make[1]: Leaving directory '/home/hariharan/Desktop/Projects/Nascent Coding Challenges/CountDiceDots/build/CMakeFiles/CMakeTmp'
Makefile:126: recipe for target 'cmTC_36030/fast' failed
make: *** [cmTC_36030/fast] Error 2

File /home/hariharan/Desktop/Projects/Nascent Coding Challenges/CountDiceDots/build/CMakeFiles/CMakeTmp/CheckSymbolExists.c:
/* */
#include <pthread.h>

int main(int argc, char** argv)
{
  (void)argv;
#ifndef pthread_create
  return ((int*)(&pthread_create))[argc];
#else
  (void)argc;
  return 0;
#endif
}

Determining if the function pthread_create exists in the pthreads failed with the following output:
Change Dir: /home/hariharan/Desktop/Projects/Nascent Coding Challenges/CountDiceDots/build/CMakeFiles/CMakeTmp

Run Build Command:"/usr/bin/make" "cmTC_3f020/fast"
/usr/bin/make -f CMakeFiles/cmTC_3f020.dir/build.make CMakeFiles/cmTC_3f020.dir/build
make[1]: Entering directory '/home/hariharan/Desktop/Projects/Nascent Coding Challenges/CountDiceDots/build/CMakeFiles/CMakeTmp'
Building C object CMakeFiles/cmTC_3f020.dir/CheckFunctionExists.c.o
/usr/bin/cc    -fPIC -DCHECK_FUNCTION_EXISTS=pthread_create   -o CMakeFiles/cmTC_3f020.dir/CheckFunctionExists.c.o   -c /usr/share/cmake-3.5/Modules/CheckFunctionExists.c
Linking C executable cmTC_3f020
/usr/bin/cmake -E cmake_link_script CMakeFiles/cmTC_3f020.dir/link.txt --verbose=1
/usr/bin/cc  -fPIC -DCHECK_FUNCTION_EXISTS=pthread_create    CMakeFiles/cmTC_3f020.dir/CheckFunctionExists.c.o  -o cmTC_3f020 -rdynamic -lpthreads 
/usr/bin/ld: cannot find -lpthreads
collect2: error: ld returned 1 exit status
CMakeFiles/cmTC_3f020.dir/build.make:97: recipe for target 'cmTC_3f020' failed
make[1]: *** [cmTC_3f020] Error 1
make[1]: Leaving directory '/home/hariharan/Desktop/Projects/Nascent Coding Challenges/CountDiceDots/build/CMakeFiles/CMakeTmp'
Makefile:126: recipe for target 'cmTC_3f020/fast' failed
make: *** [cmTC_3f020/fast] Error 2


